Log file open, 05/18/17 22:24:22
LogInit:Display: Running engine for game: Home
LogPlatformFile: Not using cached read wrapper
LogInit:Display: RandInit(860936662) SRandInit(860936662).
LogTaskGraph: Started task graph with 5 named threads and 8 total threads with 1 sets of task threads.
LogStats: Stats thread started at 7.750836
LogInit: Using libcurl 7.47.1
LogInit:  - built for x86_64-pc-win32
LogInit:  - supports SSL with OpenSSL/1.0.2g
LogInit:  - supports HTTP deflate (compression) using libz 1.2.8
LogInit:  - other features:
LogInit:      CURL_VERSION_SSL
LogInit:      CURL_VERSION_LIBZ
LogInit:      CURL_VERSION_IPV6
LogInit:      CURL_VERSION_ASYNCHDNS
LogInit:      CURL_VERSION_LARGEFILE
LogInit:      CURL_VERSION_IDN
LogInit:  CurlRequestOptions (configurable via config and command line):
LogInit:  - bVerifyPeer = false  - Libcurl will NOT verify peer certificate
LogInit:  - bUseHttpProxy = false  - Libcurl will NOT use HTTP proxy
LogInit:  - bDontReuseConnections = false  - Libcurl will reuse connections
LogInit:  - CertBundlePath = nullptr  - Libcurl will use whatever was configured at build time.
LogInit: Build: ++UE4+Release-4.15-CL-3348071
LogInit: Engine Version: 4.15.1-3348071+++UE4+Release-4.15
LogInit: Compatible Engine Version: 4.15.0-3299760+++UE4+Release-4.15
LogInit: Net CL: 3299760
LogDevObjectVersion: Number of dev versions registered: 14
LogDevObjectVersion:   Dev-Blueprints (B0D832E4-1F89-4F0D-ACCF-7EB736FD4AA2): 8
LogDevObjectVersion:   Dev-Build (E1C64328-A22C-4D53-A36C-8E866417BD8C): 0
LogDevObjectVersion:   Dev-Core (375EC13C-06E4-48FB-B500-84F0262A717E): 2
LogDevObjectVersion:   Dev-Editor (E4B068ED-F494-42E9-A231-DA0B2E46BB41): 14
LogDevObjectVersion:   Dev-Framework (CFFC743F-43B0-4480-9391-14DF171D2073): 22
LogDevObjectVersion:   Dev-Mobile (B02B49B5-BB20-44E9-A304-32B752E40360): 0
LogDevObjectVersion:   Dev-Networking (A4E4105C-59A1-49B5-A7C5-40C4547EDFEE): 0
LogDevObjectVersion:   Dev-Online (39C831C9-5AE6-47DC-9A44-9C173E1C8E7C): 0
LogDevObjectVersion:   Dev-Physics (78F01B33-EBEA-4F98-B9B4-84EACCB95AA2): 0
LogDevObjectVersion:   Dev-Platform (6631380F-2D4D-43E0-8009-CF276956A95A): 0
LogDevObjectVersion:   Dev-Rendering (12F88B9F-8875-4AFC-A67C-D90C383ABD29): 12
LogDevObjectVersion:   Dev-Sequencer (7B5AE74C-D270-4C10-A958-57980B212A5A): 3
LogDevObjectVersion:   Dev-VR (D7296918-1DD6-4BDD-9DE2-64A83CC13884): 0
LogDevObjectVersion:   Dev-LoadTimes (C2A15278-BFE7-4AFE-6C17-90FF531DF755): 1
LogInit: Compiled (64-bit): Mar 15 2017 16:52:47
LogInit: Compiled with Visual C++: 19.00.23026.00
LogInit: Build Configuration: Development
LogInit: Branch Name: ++UE4+Release-4.15
LogInit: Command line:  
LogInit: Base directory: C:/Program Files/Epic Games/UE_4.15/Engine/Binaries/Win64/
LogInit: Installed Engine Build: 1
LogInit: Presizing for max 8388607 objects, including 0 objects not considered by GC, pre-allocating 0 bytes for permanent pool.
LogInit: Object subsystem initialized
[2017.05.18-13.24.24:548][  0]LogInit: Selected Device Profile: [Windows]
[2017.05.18-13.24.24:548][  0]LogInit: Applying CVar settings loaded from the selected device profile: [Windows]
[2017.05.18-13.24.24:610][  0]LogInit: Computer: YANG-PC
[2017.05.18-13.24.24:610][  0]LogInit: User: yang
[2017.05.18-13.24.24:610][  0]LogInit: CPU Page size=65536, Cores=4
[2017.05.18-13.24.24:610][  0]LogInit: High frequency timer resolution =3.507539 MHz
[2017.05.18-13.24.24:610][  0]LogMemory: Memory total: Physical=3.9GB (4GB approx)
[2017.05.18-13.24.24:610][  0]LogMemory: Platform Memory Stats for Windows
[2017.05.18-13.24.24:610][  0]LogMemory: Process Physical Memory: 265.09 MB used, 265.09 MB peak
[2017.05.18-13.24.24:610][  0]LogMemory: Process Virtual Memory: 264.98 MB used, 264.98 MB peak
[2017.05.18-13.24.24:610][  0]LogMemory: Physical Memory: 1817.29 MB used,  2213.32 MB free, 4030.62 MB total
[2017.05.18-13.24.24:610][  0]LogMemory: Virtual Memory: 632.43 MB used,  2213.32 MB free, 8388608.00 MB total
[2017.05.18-13.24.25:866][  0]LogTextLocalizationManager: No specific translations for ('ko-KR') exist, so ('ko') translations will be used.
[2017.05.18-13.24.26:105][  0]LogTextLocalizationManager:Warning: Loaded localization resources contain conflicting entries for (Namespace:KismetSchema, Key:Default):
Localization Resource: (C:/Program Files/Epic Games/UE_4.15/Engine/Content/Localization/EditorTutorials/ko/EditorTutorials.locres) Source String Hash: (940523119) Localized String: (디폴트)
Localization Resource: (C:/Program Files/Epic Games/UE_4.15/Engine/Content/Localization/Engine/ko/Engine.locres) Source String Hash: (940523119) Localized String: (기본)
[2017.05.18-13.24.26:105][  0]LogTextLocalizationManager:Warning: Loaded localization resources contain conflicting entries for (Namespace:UObjectToolTips, Key:AnimNode_AssetPlayerBase:InternalTimeAccumulator):
Localization Resource: (C:/Program Files/Epic Games/UE_4.15/Engine/Content/Localization/EditorTutorials/ko/EditorTutorials.locres) Source String Hash: (502993589) Localized String: (이 노드에서 애셋을 레퍼런싱하는 데 사용되는 누적 시간입니다.)
Localization Resource: (C:/Program Files/Epic Games/UE_4.15/Engine/Content/Localization/ToolTips/ko/ToolTips.locres) Source String Hash: (502993589) Localized String: (내부 시간 누산기 - 이 노드에서 애셋을 레퍼런싱하는 데 사용된 누적 시간입니다.)
Localization Resource: (C:/Program Files/Epic Games/UE_4.15/Engine/Content/Localization/Engine/ko/Engine.locres) Source String Hash: (502993589) Localized String: (이 노드에서 애셋을 레퍼런싱하는 데 사용된 누적 시간입니다.)
[2017.05.18-13.24.26:105][  0]LogTextLocalizationManager:Warning: Loaded localization resources contain conflicting entries for (Namespace:UObjectToolTips, Key:AnimNode_AssetPlayerBase:bIgnoreForRelevancyTest):
Localization Resource: (C:/Program Files/Epic Games/UE_4.15/Engine/Content/Localization/EditorTutorials/ko/EditorTutorials.locres) Source String Hash: (319969718) Localized String: (True 면, 스테이트에서 최고 가중치 애니메이션을 찾는 "Relevant anim" 노드는 이 노드를 무시합니다.
 )
Localization Resource: (C:/Program Files/Epic Games/UE_4.15/Engine/Content/Localization/ToolTips/ko/ToolTips.locres) Source String Hash: (319969718) Localized String: (연관성 테스트에 무시 - true 인 경우 스테이트 내 최고 웨이팅된 애니메이션을 찾는 "Relevant anim" (연관 애님) 노드가
이 노드를 무시합니다.)
Localization Resource: (C:/Program Files/Epic Games/UE_4.15/Engine/Content/Localization/Engine/ko/Engine.locres) Source String Hash: (319969718) Localized String: (True 면 스테이트 내 최고 웨이팅된 애니메이션을 찾는 "Relevant anim" 노드가 무시됩니다.
 )
[2017.05.18-13.24.26:105][  0]LogTextLocalizationManager:Warning: Loaded localization resources contain conflicting entries for (Namespace:UObjectToolTips, Key:AnimNode_AssetPlayerBase:BlendWeight):
Localization Resource: (C:/Program Files/Epic Games/UE_4.15/Engine/Content/Localization/EditorTutorials/ko/EditorTutorials.locres) Source String Hash: (-1232800293) Localized String: (이 노드에 마지막 걸린 블렌드웨이트 입니다.)
Localization Resource: (C:/Program Files/Epic Games/UE_4.15/Engine/Content/Localization/ToolTips/ko/ToolTips.locres) Source String Hash: (-1232800293) Localized String: (블렌드 웨이트 - 이 노드에 대해 마지막으로 접한 블렌드 웨이트입니다.)
Localization Resource: (C:/Program Files/Epic Games/UE_4.15/Engine/Content/Localization/Engine/ko/Engine.locres) Source String Hash: (-1232800293) Localized String: (이 노드에 대해 마지막 접한 블렌드 웨이트)
[2017.05.18-13.24.26:105][  0]LogTextLocalizationManager:Warning: Loaded localization resources contain conflicting entries for (Namespace:UObjectToolTips, Key:AnimNode_BlendSpacePlayer:bLoop):
Localization Resource: (C:/Program Files/Epic Games/UE_4.15/Engine/Content/Localization/EditorTutorials/ko/EditorTutorials.locres) Source String Hash: (2133979316) Localized String: (애니메이션이 끝까지 재생되면 반복할까요?)
Localization Resource: (C:/Program Files/Epic Games/UE_4.15/Engine/Content/Localization/ToolTips/ko/ToolTips.locres) Source String Hash: (2133979316) Localized String: (루프 - 애니메이션이 끝에 도달했을 때 계속 반복할까요?)
[2017.05.18-13.24.26:105][  0]LogTextLocalizationManager:Warning: Loaded localization resources contain conflicting entries for (Namespace:UObjectToolTips, Key:AnimNode_StateMachine:bSkipFirstUpdateTransition):
Localization Resource: (C:/Program Files/Epic Games/UE_4.15/Engine/Content/Localization/EditorTutorials/ko/EditorTutorials.locres) Source String Hash: (1865475011) Localized String: (첫 업데이트시 도입 상태에서의 트랜지션을 건너뛸까요? 
기본은 true 로, 첫 업데이트시에는 트랜지션 데이터를 버립니다.)
Localization Resource: (C:/Program Files/Epic Games/UE_4.15/Engine/Content/Localization/ToolTips/ko/ToolTips.locres) Source String Hash: (1865475011) Localized String: (첫 번째 업데이트 트랜지션 건너뛰기 - 첫 번째 업데이트에서 입력 스테이트의 트랜지션을 건너뜁니까?
디폴트는 true 고 첫 번째 업데이트의 트랜지션 데이터를 버립니다.)
[2017.05.18-13.24.26:105][  0]LogTextLocalizationManager:Warning: Loaded localization resources contain conflicting entries for (Namespace:UObjectToolTips, Key:AnimNode_BlendSpacePlayer:X):
Localization Resource: (C:/Program Files/Epic Games/UE_4.15/Engine/Content/Localization/EditorTutorials/ko/EditorTutorials.locres) Source String Hash: (2060772590) Localized String: (블렌드스페이스에서 샘플링할 X 좌표입니다.)
Localization Resource: (C:/Program Files/Epic Games/UE_4.15/Engine/Content/Localization/ToolTips/ko/ToolTips.locres) Source String Hash: (2060772590) Localized String: (X - 블렌드스페이스 샘플의 X 좌표입니다.)
[2017.05.18-13.24.26:105][  0]LogTextLocalizationManager:Warning: Loaded localization resources contain conflicting entries for (Namespace:UObjectToolTips, Key:AnimNode_BlendSpacePlayer:Y):
Localization Resource: (C:/Program Files/Epic Games/UE_4.15/Engine/Content/Localization/EditorTutorials/ko/EditorTutorials.locres) Source String Hash: (-1719607538) Localized String: (블렌드스페이스에서 샘플링할 Y 좌표입니다.)
Localization Resource: (C:/Program Files/Epic Games/UE_4.15/Engine/Content/Localization/ToolTips/ko/ToolTips.locres) Source String Hash: (-1719607538) Localized String: (Y - 블렌드스페이스 샘플의 Y 좌표입니다.)
[2017.05.18-13.24.26:105][  0]LogTextLocalizationManager:Warning: Loaded localization resources contain conflicting entries for (Namespace:UObjectToolTips, Key:AnimNode_BlendSpacePlayer:Z):
Localization Resource: (C:/Program Files/Epic Games/UE_4.15/Engine/Content/Localization/EditorTutorials/ko/EditorTutorials.locres) Source String Hash: (1728943471) Localized String: (블렌드스페이스에서 샘플링할 Z 좌표입니다.)
Localization Resource: (C:/Program Files/Epic Games/UE_4.15/Engine/Content/Localization/ToolTips/ko/ToolTips.locres) Source String Hash: (1728943471) Localized String: (Z - 블렌드스페이스 샘플의 Z 좌표입니다.)
[2017.05.18-13.24.26:105][  0]LogTextLocalizationManager:Warning: Loaded localization resources contain conflicting entries for (Namespace:UObjectToolTips, Key:AnimNode_BlendSpacePlayer:BlendSpace):
Localization Resource: (C:/Program Files/Epic Games/UE_4.15/Engine/Content/Localization/EditorTutorials/ko/EditorTutorials.locres) Source String Hash: (1599043277) Localized String: (재생할 블렌드스페이스 애셋입니다.)
Localization Resource: (C:/Program Files/Epic Games/UE_4.15/Engine/Content/Localization/ToolTips/ko/ToolTips.locres) Source String Hash: (1599043277) Localized String: (블렌드스페이스 - 재생할 블렌드스페이스 애셋입니다.)
[2017.05.18-13.24.26:105][  0]LogTextLocalizationManager:Warning: Loaded localization resources contain conflicting entries for (Namespace:UObjectToolTips, Key:AnimNode_StateMachine:MaxTransitionsPerFrame):
Localization Resource: (C:/Program Files/Epic Games/UE_4.15/Engine/Content/Localization/EditorTutorials/ko/EditorTutorials.locres) Source String Hash: (1567650430) Localized String: (이 머신에서 한 프레임 내 '동시에' 취할 수 있는 트랜지션 최대 수입니다.)
Localization Resource: (C:/Program Files/Epic Games/UE_4.15/Engine/Content/Localization/ToolTips/ko/ToolTips.locres) Source String Hash: (1567650430) Localized String: (프레임 당 최대 트랜지션 - 한 프레임에서 이 머신이 동시에 취할 수 있는 트랜지션 최대 수입니다.)
[2017.05.18-13.24.26:105][  0]LogTextLocalizationManager:Warning: Loaded localization resources contain conflicting entries for (Namespace:UObjectToolTips, Key:AnimNode_BlendSpacePlayer:PlayRate):
Localization Resource: (C:/Program Files/Epic Games/UE_4.15/Engine/Content/Localization/EditorTutorials/ko/EditorTutorials.locres) Source String Hash: (-1274923958) Localized String: (재생 속도 배수입니다. 음수가 되면 애니메이션을 역순으로 재생하게 됩니다.)
Localization Resource: (C:/Program Files/Epic Games/UE_4.15/Engine/Content/Localization/ToolTips/ko/ToolTips.locres) Source String Hash: (-1274923958) Localized String: (재생 속도 - 재생 속도 배수입니다. 음수가 되면 애니메이션을 거꾸로 재생합니다.)
[2017.05.18-13.24.26:105][  0]LogTextLocalizationManager:Warning: Loaded localization resources contain conflicting entries for (Namespace:UObjectToolTips, Key:AnimNode_BlendSpacePlayer:StartPosition):
Localization Resource: (C:/Program Files/Epic Games/UE_4.15/Engine/Content/Localization/EditorTutorials/ko/EditorTutorials.locres) Source String Hash: (-207153555) Localized String: (시작 위치 범위는 [0,1] 이며, 재초기화시에만 적용됩니다.
루핑을 하면, 1 회전 후 0.f 부터 시작할 것입니다.)
Localization Resource: (C:/Program Files/Epic Games/UE_4.15/Engine/Content/Localization/ToolTips/ko/ToolTips.locres) Source String Hash: (-207153555) Localized String: (시작 위치 - [0, 1] 범위의 시작 위치로, 재초기화할 때만 적용됩니다.
반복하면 1회전 후 0.f 부터 시작됩니다.)
[2017.05.18-13.24.26:105][  0]LogTextLocalizationManager:Warning: Loaded localization resources contain conflicting entries for (Namespace:UObjectToolTips, Key:CameraFilmbackSettings:SensorWidth):
Localization Resource: (C:/Program Files/Epic Games/UE_4.15/Engine/Content/Localization/ToolTips/ko/ToolTips.locres) Source String Hash: (-1448580153) Localized String: (센서 폭 - 필름백 또는 디지털 센서의 가로 크기로, mm 단위입니다.)
Localization Resource: (C:/Program Files/Epic Games/UE_4.15/Engine/Content/Localization/Engine/ko/Engine.locres) Source String Hash: (-1448580153) Localized String: (필름백 또는 디지털 센서의 가로 크기로, mm 단위입니다.)
[2017.05.18-13.24.26:105][  0]LogTextLocalizationManager:Warning: Loaded localization resources contain conflicting entries for (Namespace:UObjectToolTips, Key:CameraFilmbackSettings:SensorAspectRatio):
Localization Resource: (C:/Program Files/Epic Games/UE_4.15/Engine/Content/Localization/ToolTips/ko/ToolTips.locres) Source String Hash: (-194807515) Localized String: (센서 종횡비 - 읽기 전용입니다. 센서 치수에서 계산했습니다.)
Localization Resource: (C:/Program Files/Epic Games/UE_4.15/Engine/Content/Localization/Engine/ko/Engine.locres) Source String Hash: (-194807515) Localized String: (읽기 전용입니다. 센서 크기에서 계산했습니다.)
[2017.05.18-13.24.26:105][  0]LogTextLocalizationManager:Warning: Loaded localization resources contain conflicting entries for (Namespace:UObjectToolTips, Key:AnimNode_SequencePlayer:bLoopAnimation):
Localization Resource: (C:/Program Files/Epic Games/UE_4.15/Engine/Content/Localization/ToolTips/ko/ToolTips.locres) Source String Hash: (2133979316) Localized String: (루프 - 애니메이션이 끝에 도달했을 때 계속 반복시켜야 할까요?)
Localization Resource: (C:/Program Files/Epic Games/UE_4.15/Engine/Content/Localization/Engine/ko/Engine.locres) Source String Hash: (2133979316) Localized String: (애니메이션이 끝에 도달하면 계속해서 루핑시킬것인지 입니다.)
[2017.05.18-13.24.26:105][  0]LogTextLocalizationManager:Warning: Loaded localization resources contain conflicting entries for (Namespace:UObjectToolTips, Key:AnimNode_SequencePlayer:Sequence):
Localization Resource: (C:/Program Files/Epic Games/UE_4.15/Engine/Content/Localization/ToolTips/ko/ToolTips.locres) Source String Hash: (421436424) Localized String: (시퀀스 - 재생할 애니메이션 시퀀스 애셋입니다.)
Localization Resource: (C:/Program Files/Epic Games/UE_4.15/Engine/Content/Localization/Engine/ko/Engine.locres) Source String Hash: (421436424) Localized String: (재생할 애니메이션 시퀀스 애셋입니다.)
[2017.05.18-13.24.26:105][  0]LogTextLocalizationManager:Warning: Loaded localization resources contain conflicting entries for (Namespace:UObjectToolTips, Key:AnimNode_SequencePlayer:PlayRate):
Localization Resource: (C:/Program Files/Epic Games/UE_4.15/Engine/Content/Localization/ToolTips/ko/ToolTips.locres) Source String Hash: (-1274923958) Localized String: (재생 속도 - 재생 속도 배수입니다. 음수가 될 수 있으며, 그러면 애니메이션이 거꾸로 재생됩니다.)
Localization Resource: (C:/Program Files/Epic Games/UE_4.15/Engine/Content/Localization/Engine/ko/Engine.locres) Source String Hash: (-1274923958) Localized String: (플레이 속도 배수입니다. 음수가 되면 애니메이션이 역방향으로 재생됩니다.)
[2017.05.18-13.24.26:105][  0]LogTextLocalizationManager:Warning: Loaded localization resources contain conflicting entries for (Namespace:UObjectToolTips, Key:AnimNode_SequencePlayer:StartPosition):
Localization Resource: (C:/Program Files/Epic Games/UE_4.15/Engine/Content/Localization/ToolTips/ko/ToolTips.locres) Source String Hash: (771611000) Localized String: (시작 위치 - 시작 위치로 재초기화할 때만 적용됩니다.
반복하면, 1회전 후 0.f 부터 시작됩니다.)
Localization Resource: (C:/Program Files/Epic Games/UE_4.15/Engine/Content/Localization/Engine/ko/Engine.locres) Source String Hash: (771611000) Localized String: (시작 위치로, 재초기화시에만 적용됩니다.
루핑을 하면, 1회전 후 0.f 부터 시작할 것입니다.)
[2017.05.18-13.24.26:105][  0]LogTextLocalizationManager:Warning: Loaded localization resources contain conflicting entries for (Namespace:UObjectToolTips, Key:CameraFilmbackSettings:SensorHeight):
Localization Resource: (C:/Program Files/Epic Games/UE_4.15/Engine/Content/Localization/ToolTips/ko/ToolTips.locres) Source String Hash: (-1311569777) Localized String: (센서 높이 - 필름백 또는 디지털 센서의 세로 크기로, mm 단위입니다.)
Localization Resource: (C:/Program Files/Epic Games/UE_4.15/Engine/Content/Localization/Engine/ko/Engine.locres) Source String Hash: (-1311569777) Localized String: (필름백 또는 디지털 센서의 세로 크기로, mm 단위입니다.)
[2017.05.18-13.24.28:014][  0]LogD3D11RHI: D3D11 adapters:
[2017.05.18-13.24.28:065][  0]LogD3D11RHI:    0. 'NVIDIA GeForce GTX 750' (Feature Level 11_0)
[2017.05.18-13.24.28:065][  0]LogD3D11RHI:       972/0/1759 MB DedicatedVideo/DedicatedSystem/SharedSystem, Outputs:1, VendorId:0x10de
[2017.05.18-13.24.28:065][  0]LogD3D11RHI: Chosen D3D11 Adapter: 0
[2017.05.18-13.24.28:071][  0]LogD3D11RHI: Creating new Direct3DDevice
[2017.05.18-13.24.28:071][  0]LogD3D11RHI:     GPU DeviceId: 0x1381 (for the marketing name, search the web for "GPU Device Id")
[2017.05.18-13.24.28:071][  0]LogWindows: EnumDisplayDevices:
[2017.05.18-13.24.28:071][  0]LogWindows:    0. 'NVIDIA GeForce GTX 750' (P:1 D:1)
[2017.05.18-13.24.28:071][  0]LogWindows:    1. 'NVIDIA GeForce GTX 750' (P:0 D:0)
[2017.05.18-13.24.28:071][  0]LogWindows:    2. 'NVIDIA GeForce GTX 750' (P:0 D:0)
[2017.05.18-13.24.28:071][  0]LogWindows:    3. 'NVIDIA GeForce GTX 750' (P:0 D:0)
[2017.05.18-13.24.28:072][  0]LogWindows:    4. 'RDPDD Chained DD' (P:0 D:0)
[2017.05.18-13.24.28:072][  0]LogWindows:    5. 'RDP Encoder Mirror Driver' (P:0 D:0)
[2017.05.18-13.24.28:072][  0]LogWindows:    6. 'RDP Reflector Display Driver' (P:0 D:0)
[2017.05.18-13.24.28:072][  0]LogWindows: DebugString: GetVideoDriverDetailsInvalid PrimaryIsNotTheChoosenAdapter GetVideoDriverDetailsInvalid PrimaryIsNotTheChoosenAdapter GetVideoDriverDetailsInvalid PrimaryIsNotTheChoosenAdapter FoundDriverCount:4 
[2017.05.18-13.24.28:072][  0]LogD3D11RHI:     Adapter Name: NVIDIA GeForce GTX 750
[2017.05.18-13.24.28:072][  0]LogD3D11RHI:   Driver Version: 376.33 (internal:21.21.13.7633, unified:376.33)
[2017.05.18-13.24.28:072][  0]LogD3D11RHI:      Driver Date: 12-11-2016
[2017.05.18-13.24.28:072][  0]LogRHI: Texture pool is 680 MB (70% of 972 MB)
[2017.05.18-13.24.28:098][  0]LogD3D11RHI: Async texture creation enabled
[2017.05.18-13.24.28:353][  0]LogD3D11RHI: GPU Timing Frequency: 1000.000000 (Debug: 2 2)
[2017.05.18-13.24.28:512][  0]LogShaderCompilers: Guid format shader working directory is 3 characters bigger than the processId version (../../../../../../Users/yang/HomeExam/Home/Intermediate/Shaders/WorkingDirectory/5064/).
[2017.05.18-13.24.28:513][  0]LogShaderCompilers: Cleaned the shader compiler working directory 'C:/Users/yang/AppData/Local/Temp/UnrealShaderWorkingDir/9069570C40FD888EC800518A8D12548F/'.
[2017.05.18-13.24.28:513][  0]LogShaderCompilers:Display: Using Local Shader Compiler.
[2017.05.18-13.24.35:988][  0]LogTemp:Display: Loaded TP AllDesktopTargetPlatform
[2017.05.18-13.24.36:071][  0]LogTemp:Display: Loaded TP MacClientTargetPlatform
[2017.05.18-13.24.36:112][  0]LogTemp:Display: Loaded TP MacNoEditorTargetPlatform
[2017.05.18-13.24.36:153][  0]LogTemp:Display: Loaded TP MacServerTargetPlatform
[2017.05.18-13.24.36:220][  0]LogTemp:Display: Loaded TP MacTargetPlatform
[2017.05.18-13.24.36:260][  0]LogTemp:Display: Loaded TP WindowsClientTargetPlatform
[2017.05.18-13.24.36:300][  0]LogTemp:Display: Loaded TP WindowsNoEditorTargetPlatform
[2017.05.18-13.24.36:350][  0]LogTemp:Display: Loaded TP WindowsServerTargetPlatform
[2017.05.18-13.24.36:386][  0]LogTemp:Display: Loaded TP WindowsTargetPlatform
[2017.05.18-13.24.36:432][  0]LogTemp:Display: Loaded TP AndroidTargetPlatform
[2017.05.18-13.24.36:472][  0]LogTemp:Display: Loaded TP Android_ASTCTargetPlatform
[2017.05.18-13.24.36:512][  0]LogTemp:Display: Loaded TP Android_ATCTargetPlatform
[2017.05.18-13.24.36:552][  0]LogTemp:Display: Loaded TP Android_DXTTargetPlatform
[2017.05.18-13.24.36:594][  0]LogTemp:Display: Loaded TP Android_ETC1TargetPlatform
[2017.05.18-13.24.36:634][  0]LogTemp:Display: Loaded TP Android_ETC2TargetPlatform
[2017.05.18-13.24.36:715][  0]LogTemp:Display: Loaded TP Android_MultiTargetPlatform
[2017.05.18-13.24.36:715][  0]LogTemp:Display: Loaded TP Android_PVRTCTargetPlatform
[2017.05.18-13.24.36:742][  0]LogTemp:Display: Loaded TP HTML5TargetPlatform
[2017.05.18-13.24.36:855][  0]LogTemp:Display: Loaded TP IOSTargetPlatform
[2017.05.18-13.24.36:880][  0]LogTemp:Display: Loaded TP TVOSTargetPlatform
[2017.05.18-13.24.36:932][  0]LogTemp:Display: Loaded TP LinuxClientTargetPlatform
[2017.05.18-13.24.36:972][  0]LogTemp:Display: Loaded TP LinuxNoEditorTargetPlatform
[2017.05.18-13.24.37:011][  0]LogTemp:Display: Loaded TP LinuxServerTargetPlatform
[2017.05.18-13.24.37:114][  0]LogTemp:Display: Loaded TP LinuxTargetPlatform
[2017.05.18-13.24.37:114][  0]LogTargetPlatformManager:Display: Building Assets For Windows
[2017.05.18-13.24.38:191][  0]LogDerivedDataCache:Display: Max Cache Size: 512 MB
[2017.05.18-13.24.38:753][  0]LogDerivedDataCache: Loaded boot cache 0.55s 50MB C:/Users/yang/AppData/Local/UnrealEngine/4.15/DerivedDataCache/Boot.ddc.
[2017.05.18-13.24.38:754][  0]LogDerivedDataCache:Display: Loaded Boot cache: C:/Users/yang/AppData/Local/UnrealEngine/4.15/DerivedDataCache/Boot.ddc
[2017.05.18-13.24.38:754][  0]LogDerivedDataCache: FDerivedDataBackendGraph:  Pak pak cache file ../../../../../../Users/yang/HomeExam/Home/DerivedDataCache/DDC.ddp not found, will not use a pak cache.
[2017.05.18-13.24.38:754][  0]LogDerivedDataCache: Unable to find inner node Pak for hierarchical cache Hierarchy.
[2017.05.18-13.24.38:754][  0]LogDerivedDataCache: FDerivedDataBackendGraph:  CompressedPak pak cache file ../../../../../../Users/yang/HomeExam/Home/DerivedDataCache/Compressed.ddp not found, will not use a pak cache.
[2017.05.18-13.24.38:754][  0]LogDerivedDataCache: Unable to find inner node CompressedPak for hierarchical cache Hierarchy.
[2017.05.18-13.24.38:871][  0]LogDerivedDataCache:Display: Pak cache opened for reading ../../../Engine/DerivedDataCache/Compressed.ddp.
[2017.05.18-13.24.38:902][  0]LogDerivedDataCache: Using Local data cache path C:/Users/yang/AppData/Local/UnrealEngine/Common/DerivedDataCache: Writable
[2017.05.18-13.24.39:159][  0]LogSlate: Using Freetype 2.6.0
[2017.05.18-13.24.39:338][  0]LogSlate: SlateFontCache - WITH_FREETYPE: 1, WITH_HARFBUZZ: 1
[2017.05.18-13.24.39:338][  0]LogSlate: SlateFontCache - WITH_FREETYPE: 1, WITH_HARFBUZZ: 1
[2017.05.18-13.24.50:650][  0]LogInit: Selected Device Profile: [Windows]
[2017.05.18-13.24.50:694][  0]LogContentStreaming: Texture pool size is 0.00 MB
[2017.05.18-13.24.51:715][  0]LogMeshUtilities: Using QuadricMeshReduction for automatic static mesh reduction
[2017.05.18-13.24.51:861][  0]LogSimplygon: Simplygon DLL not present - disabling.
[2017.05.18-13.24.51:979][  0]LogMeshUtilities: Using SimplygonSwarm for distributed automatic mesh merging
[2017.05.18-13.24.51:979][  0]LogMeshUtilities: No automatic skeletal mesh reduction module available
[2017.05.18-13.24.51:979][  0]LogMeshUtilities: No automatic mesh merging module available
[2017.05.18-13.24.57:457][  0]LogNetVersion: GetLocalNetworkVersion: CL: 3299760, ProjectName: home, ProjectVersion: , EngineNetworkVersion: 2, GameNetworkVersion: 0, NetworkChecksum: 1691153015
[2017.05.18-13.24.57:629][  0]LogAssetRegistry: FAssetRegistry took 0.0230 seconds to start up
[2017.05.18-13.24.57:939][  0]LogPackageLocalizationCache: Processed 3 localized package path(s) for 2 prioritized culture(s) in 0.144602 seconds
[2017.05.18-13.24.57:961][  0]LogUObjectArray: 32493 objects as part of root set at end of initial load.
[2017.05.18-13.24.57:961][  0]LogUObjectAllocator: 7077024 out of 0 bytes used by permanent object pool.
[2017.05.18-13.24.57:961][  0]LogUObjectArray: CloseDisregardForGC: 0/0 objects in disregard for GC pool
[2017.05.18-13.24.58:100][  0]LogInit: WinSock: version 1.1 (2.2), MaxSocks=32767, MaxUdp=65467
[2017.05.18-13.25.17:408][  0]LogTcpMessaging: Initializing TcpMessaging bridge
[2017.05.18-13.25.17:522][  0]LogUdpMessaging: Initializing bridge on interface 0.0.0.0:0 to multicast group 230.0.0.1:6666.
[2017.05.18-13.25.19:220][  0]LogMaterial: Uniform references updated for custom material expression Custom.
[2017.05.18-13.25.20:488][  0]SourceControl: 정보 소스 콘트롤이 꺼졌습니다.
[2017.05.18-13.25.20:506][  0]SourceControl: 정보 소스 콘트롤이 꺼졌습니다.
[2017.05.18-13.25.20:614][  0]SourceControl: 정보 소스 콘트롤이 꺼졌습니다.
[2017.05.18-13.25.20:745][  0]SourceControl: 정보 소스 콘트롤이 꺼졌습니다.
[2017.05.18-13.25.23:550][  0]LogEngine: Initializing Engine...
[2017.05.18-13.25.23:552][  0]LogHMD: Failed to initialize OpenVR with code 110
[2017.05.18-13.25.24:762][  0]LogAIModule: Creating AISystem for world Untitled
[2017.05.18-13.25.24:889][  0]LogInit: XAudio2 using 'T24D390-C(NVIDIA High Definition Audio)' : 2 channels at 48 kHz using 16 bits per sample (channel mask 0x3)
[2017.05.18-13.25.24:962][  0]LogInit: FAudioDevice initialized.
[2017.05.18-13.25.25:064][  0]LogDerivedDataCache: Saved boot cache 0.10s 50MB C:/Users/yang/AppData/Local/UnrealEngine/4.15/DerivedDataCache/Boot.ddc.
[2017.05.18-13.25.25:090][  0]LogInit: Texture streaming: Enabled
[2017.05.18-13.25.25:411][  0]LogEngineSessionManager: EngineSessionManager initialized
[2017.05.18-13.25.25:913][  0]LogInit: Transaction tracking system initialized
[2017.05.18-13.25.27:419][  0]BlueprintLog: New page: 에디터 로드
[2017.05.18-13.25.32:459][  0]LocalizationService: 정보 현지화 서비스가 비활성화되었습니다.
[2017.05.18-13.25.36:098][  0]LogConsoleResponse:Display: 
[2017.05.18-13.25.39:052][  0]LogFileCache: Scanning file cache for directory 'C:/Users/yang/HomeExam/Home/Content/' took 0.02s
[2017.05.18-13.25.39:053][  0]LogCook:Display: Max memory allowance for cook 16384mb min free memory 0mb
[2017.05.18-13.25.39:053][  0]LogCook:Display: Mobile HDR setting 1
[2017.05.18-13.25.46:875][  0]SourceControl: 정보 소스 콘트롤이 꺼졌습니다.
[2017.05.18-13.25.47:218][  0]Cmd: MAP LOAD FILE="../../../../../../Users/yang/HomeExam/Home/Content/StarterContent/Maps/Minimal_Default.umap" TEMPLATE=0 SHOWPROGRESS=1 FEATURELEVEL=3
[2017.05.18-13.25.47:373][  0]LightingResults: New page: 라이팅 빌드
[2017.05.18-13.25.47:813][  0]MapCheck: New page: 맵 체크
[2017.05.18-13.25.47:813][  0]LightingResults: New page: 라이팅 빌드
[2017.05.18-13.25.54:323][  0]LogAIModule: Creating AISystem for world Minimal_Default
[2017.05.18-13.25.54:614][  0]LogEditorServer: Finished looking for orphan Actors (0.000 secs)
[2017.05.18-13.25.54:637][  0]Cmd: MAP CHECKDEP NOCLEARLOG
[2017.05.18-13.25.54:667][  0]MapCheck: 정보 맵 체크 완료: 오류 0 회, 경고 0 회, 소요 시간 29.11ms.
[2017.05.18-13.25.54:667][  0]LogFileHelpers: Loading map 'Minimal_Default' took 7.632
[2017.05.18-13.25.56:383][  0]LogCollectionManager: Loaded 0 collections in 0.003026 seconds
[2017.05.18-13.25.56:592][  0]LogFileCache: Scanning file cache for directory 'C:/Users/yang/HomeExam/Home/Saved/Collections/' took 0.01s
[2017.05.18-13.25.56:592][  0]LogFileCache: Scanning file cache for directory 'C:/Users/yang/HomeExam/Home/Content/Developers/yang/Collections/' took 0.01s
[2017.05.18-13.25.56:592][  0]LogFileCache: Scanning file cache for directory 'C:/Users/yang/HomeExam/Home/Content/Collections/' took 0.01s
[2017.05.18-13.25.56:592][  0]LogCollectionManager: Rebuilt the GUID cache for 0 collections in 0.000004 seconds
[2017.05.18-13.25.56:615][  0]LogContentBrowser: Native class hierarchy populated in 0.0212 seconds. Added 2245 classes and 453 folders.
[2017.05.18-13.25.56:650][  0]LogStats: UGameplayTagsManager::ConstructGameplayTagTree: Construct from data asset -  0.000 s
[2017.05.18-13.25.56:650][  0]LogStats: UGameplayTagsManager::ConstructGameplayTagTree: GameplayTagTreeChangedEvent.Broadcast -  0.000 s
[2017.05.18-13.25.56:778][  0]LogContentBrowser: Native class hierarchy updated for 'WidgetCarousel' in 0.0009 seconds. Added 0 classes and 0 folders.
[2017.05.18-13.25.58:415][  0]LogContentBrowser: Native class hierarchy updated for 'AddContentDialog' in 0.0010 seconds. Added 0 classes and 0 folders.
[2017.05.18-13.25.59:021][  0]LogContentBrowser: Native class hierarchy updated for 'SceneOutliner' in 0.0018 seconds. Added 1 classes and 2 folders.
[2017.05.18-13.26.05:503][  0]LogCrashTracker: Crashtracker disabled due to settings.
[2017.05.18-13.26.05:646][  0]LogUObjectGlobals:Warning: 'Class 없음.' 오브젝트를 찾는 데 실패했습니다.
[2017.05.18-13.26.05:817][  0]LogContentBrowser: Native class hierarchy updated for 'HierarchicalLODOutliner' in 0.0019 seconds. Added 1 classes and 2 folders.
[2017.05.18-13.26.05:818][  0]LogLoad: (Engine Initialization) Total time: 123.14 seconds
[2017.05.18-13.26.05:818][  0]LogLoad: (Engine Initialization) Total Blueprint compile time: 0.95 seconds
[2017.05.18-13.26.05:818][  0]LogExternalProfiler: Found external profiler: VSPerf
[2017.05.18-13.26.05:818][  0]LogExternalProfiler: Using external profiler: VSPerf
[2017.05.18-13.26.06:171][  0]LogOcInput: OculusInput pre-init called
[2017.05.18-13.26.06:211][  0]LogContentStreaming: Texture pool size now 1000 MB
[2017.05.18-13.26.06:215][  0]LogSlate: Took 0.000663 seconds to synchronously load lazily loaded font '../../../Engine/Content/Slate/Fonts/Roboto-Regular.ttf' (155K)
[2017.05.18-13.26.06:284][  0]LogSlate: Took 0.059023 seconds to synchronously load lazily loaded font '../../../Engine/Content/Slate/Fonts/NanumGothic.ttf' (4243K)
[2017.05.18-13.26.06:299][  0]LogSlate: Took 0.011624 seconds to synchronously load lazily loaded font '../../../Engine/Content/Slate/Fonts/Roboto-Bold.ttf' (160K)
[2017.05.18-13.26.06:332][  0]LogSlate: Took 0.010520 seconds to synchronously load lazily loaded font '../../../Engine/Content/Editor/Slate/Fonts/FontAwesome.ttf' (139K)
[2017.05.18-13.26.07:000][  0]LogRenderer: Reallocating scene render targets to support 1208x576 NumSamples 1 (Frame:2).
[2017.05.18-13.26.07:922][  2]LogSlate: Took 0.066327 seconds to synchronously load lazily loaded font '../../../Engine/Content/Slate/Fonts/Roboto-Light.ttf' (159K)
[2017.05.18-13.26.08:183][  3]LogAssetRegistry: Asset discovery search completed in 70.5749 seconds
[2017.05.18-13.26.08:183][  3]LogCollectionManager: Rebuilt the object cache for 0 collections in 0.000004 seconds (found 0 objects)
[2017.05.18-13.26.08:183][  3]LogCollectionManager: Fixed up redirectors for 0 collections in 0.000018 seconds (updated 0 objects)
[2017.05.18-13.26.11:194][ 12]LogSlate: Took 0.000267 seconds to synchronously load lazily loaded font '../../../Engine/Content/Slate/Fonts/Roboto-Light.ttf' (159K)
[2017.05.18-13.26.36:115][321]LogSlate: Took 0.000361 seconds to synchronously load lazily loaded font '../../../Engine/Content/Slate/Fonts/Roboto-Light.ttf' (159K)
[2017.05.18-13.26.36:420][321]LogAIModule: Creating AISystem for world level
[2017.05.18-13.26.36:538][321]Cmd: MAP LOAD FILE="../../../../../../Users/yang/HomeExam/Home/Content/level.umap" TEMPLATE=0 SHOWPROGRESS=1 FEATURELEVEL=3
[2017.05.18-13.26.36:538][321]LightingResults: New page: 라이팅 빌드
[2017.05.18-13.26.36:540][321]LoadErrors: New page: 맵 로드중: level.umap
[2017.05.18-13.26.36:595][321]MapCheck: New page: 맵 체크
[2017.05.18-13.26.36:595][321]LightingResults: New page: 라이팅 빌드
[2017.05.18-13.26.36:994][321]LogEditorServer: Finished looking for orphan Actors (0.000 secs)
[2017.05.18-13.26.37:044][321]Cmd: MAP CHECKDEP NOCLEARLOG
[2017.05.18-13.26.37:080][321]MapCheck: 정보 맵 체크 완료: 오류 0 회, 경고 0 회, 소요 시간 36.382ms.
[2017.05.18-13.26.37:080][321]LogFileHelpers: Loading map 'level' took 0.549
[2017.05.18-13.29.25:456][991]LogMetaData: Removing '/Game/Enemy/EnemySpawnBP.EnemySpawnBP:UserConstructionScript.K2Node_FunctionEntry_0' ref from Metadata '/Game/Enemy/EnemyBP.PackageMetaData'
[2017.05.18-13.29.25:457][991]LogMetaData: Removing '/Game/Enemy/EnemySpawnBP.SKEL_EnemySpawnBP_C' ref from Metadata '/Game/Enemy/EnemyBP.PackageMetaData'
[2017.05.18-13.29.25:457][991]LogMetaData: Removing '/Game/Enemy/EnemySpawnBP.EnemySpawnBP_C' ref from Metadata '/Game/Enemy/EnemyBP.PackageMetaData'
[2017.05.18-13.29.25:457][991]LogMetaData: Removing '/Game/Enemy/EnemySpawnBP.EnemySpawnBP:EventGraph.K2Node_Event_0' ref from Metadata '/Game/Enemy/EnemyBP.PackageMetaData'
[2017.05.18-13.29.25:457][991]LogMetaData: Removing '/Game/Enemy/EnemySpawnBP.EnemySpawnBP:EventGraph.K2Node_Event_1' ref from Metadata '/Game/Enemy/EnemyBP.PackageMetaData'
[2017.05.18-13.29.25:457][991]LogMetaData: Removing '/Game/Enemy/EnemySpawnBP.EnemySpawnBP:EventGraph.K2Node_Event_2' ref from Metadata '/Game/Enemy/EnemyBP.PackageMetaData'
[2017.05.18-13.29.25:503][991]Cmd: OBJ SAVEPACKAGE PACKAGE="/Game/Enemy/EnemySpawnBP" FILE="../../../../../../Users/yang/HomeExam/Home/Content/Enemy/EnemySpawnBP.uasset" SILENT=true
[2017.05.18-13.29.25:589][991]LogSavePackage: Save=83.14ms
[2017.05.18-13.29.25:589][991]LogSavePackage: Moving '../../../../../../Users/yang/HomeExam/Home/Saved/EnemySpawnBPF7CF0EFA4391AFB1A0481495B7844670.tmp' to '../../../../../../Users/yang/HomeExam/Home/Content/Enemy/EnemySpawnBP.uasset'
[2017.05.18-13.29.25:619][991]LogSavePackage:Display: Finished SavePackage ../../../../../../Users/yang/HomeExam/Home/Content/Enemy/EnemySpawnBP.uasset
[2017.05.18-13.29.26:612][ 31]LogContentBrowser: Native class hierarchy updated for 'BlueprintGraph' in 0.0008 seconds. Added 112 classes and 0 folders.
[2017.05.18-13.29.27:126][ 31]LogSlate: Took 0.000156 seconds to synchronously load lazily loaded font '../../../Engine/Content/Slate/Fonts/Roboto-Regular.ttf' (155K)
[2017.05.18-13.29.27:279][ 32]LogRenderer: Reallocating scene render targets to support 1208x580 NumSamples 1 (Frame:3200).
[2017.05.18-13.29.46:352][ 88]LogD3D11RHI: Timed out while waiting for GPU to catch up. (0.5 s)
[2017.05.18-13.29.47:346][ 88]LogD3D11RHI: Timed out while waiting for GPU to catch up. (0.5 s)
[2017.05.18-13.29.58:766][171]LogMetaData: Removing '/Game/Enemy/EnemyBP.EnemyBP:UserConstructionScript.K2Node_FunctionEntry_0' ref from Metadata '/Game/Enemy/Enemy.PackageMetaData'
[2017.05.18-13.29.58:766][171]LogMetaData: Removing '/Game/Enemy/EnemyBP.SKEL_EnemyBP_C' ref from Metadata '/Game/Enemy/Enemy.PackageMetaData'
[2017.05.18-13.29.58:766][171]LogMetaData: Removing '/Game/Enemy/EnemyBP.EnemyBP_C' ref from Metadata '/Game/Enemy/Enemy.PackageMetaData'
[2017.05.18-13.29.58:766][171]LogMetaData: Removing '/Game/Enemy/EnemyBP.EnemyBP:EventGraph.K2Node_Event_0' ref from Metadata '/Game/Enemy/Enemy.PackageMetaData'
[2017.05.18-13.29.58:766][171]LogMetaData: Removing '/Game/Enemy/EnemyBP.EnemyBP:EventGraph.K2Node_Event_1' ref from Metadata '/Game/Enemy/Enemy.PackageMetaData'
[2017.05.18-13.29.58:766][171]LogMetaData: Removing '/Game/Enemy/EnemyBP.EnemyBP:EventGraph.K2Node_Event_2' ref from Metadata '/Game/Enemy/Enemy.PackageMetaData'
[2017.05.18-13.29.58:805][171]Cmd: OBJ SAVEPACKAGE PACKAGE="/Game/Enemy/EnemyBP" FILE="../../../../../../Users/yang/HomeExam/Home/Content/Enemy/EnemyBP.uasset" SILENT=true
[2017.05.18-13.29.58:816][171]LogSavePackage: Save=10.45ms
[2017.05.18-13.29.58:816][171]LogSavePackage: Moving '../../../../../../Users/yang/HomeExam/Home/Saved/EnemyBPD037C6414B1A97C2B2A2D8A7C5319ED8.tmp' to '../../../../../../Users/yang/HomeExam/Home/Content/Enemy/EnemyBP.uasset'
[2017.05.18-13.29.58:817][171]LogSavePackage:Display: Finished SavePackage ../../../../../../Users/yang/HomeExam/Home/Content/Enemy/EnemyBP.uasset
[2017.05.18-13.29.58:892][171]LogUObjectGlobals:Warning: 'Object /Game/Enemy/Enemy.Enemy' 오브젝트를 찾는 데 실패했습니다.
[2017.05.18-13.30.05:456][449]LogSlate: Took 0.010134 seconds to synchronously load lazily loaded font '../../../Engine/Content/Editor/Slate/Fonts/Roboto-Italic.ttf' (157K)
[2017.05.18-13.30.11:345][824]LogSlate:Warning: Prevented a slow task dialog from being summoned while a context menu was open
[2017.05.18-13.31.08:288][482]BlueprintLog: New page: EnemyBP 컴파일
[2017.05.18-13.31.49:820][204]LogMaterial: Missing cached shader map for material M_UE4Man_Body, compiling. 
[2017.05.18-13.31.49:878][204]LogTemp:Display: Added material ShaderMap 0x000000006B0B2080 with Material 0x000000006967D480 to ShaderMapsBeingCompiled
[2017.05.18-13.31.50:189][204]LogTemp:Display: Kicking off shader compilation for M_UE4Man_Body, GameThreadShaderMap 0x000000006B0B2080
[2017.05.18-13.32.09:129][551]LogTemp:Display: Finished compile of shader map 0x000000006B0B2080
[2017.05.18-13.32.09:129][551]LogTemp:Display: Shader map M_UE4Man_Body complete, GameThreadShaderMap 0x000000006B0B2080, marking material M_UE4Man_Body2 as finished
[2017.05.18-13.32.09:129][551]LogTemp:Display: Marking material as finished 0x000000006967D480
[2017.05.18-13.32.09:778][551]Cmd: OBJ SAVEPACKAGE PACKAGE="/Game/Enemy/M_UE4Man_Body2" FILE="../../../../../../Users/yang/HomeExam/Home/Content/Enemy/M_UE4Man_Body2.uasset" SILENT=true
[2017.05.18-13.32.10:561][551]LogSavePackage: Save=702.41ms
[2017.05.18-13.32.10:572][551]LogSavePackage: Moving '../../../../../../Users/yang/HomeExam/Home/Saved/M_UE4Man_Body21296CCDC4B4F4B0D836C3CA7A237AE55.tmp' to '../../../../../../Users/yang/HomeExam/Home/Content/Enemy/M_UE4Man_Body2.uasset'
[2017.05.18-13.32.10:801][551]LogSavePackage:Display: Finished SavePackage ../../../../../../Users/yang/HomeExam/Home/Content/Enemy/M_UE4Man_Body2.uasset
[2017.05.18-13.32.17:376][762]LogMaterial: Missing cached shader map for material M_UE4Man_Body2, compiling. 
[2017.05.18-13.32.17:385][762]LogTemp:Display: Added material ShaderMap 0x00000000856E0480 with Material 0x000000006B8BC680 to ShaderMapsBeingCompiled
[2017.05.18-13.32.17:474][762]LogTemp:Display: Kicking off shader compilation for M_UE4Man_Body2, GameThreadShaderMap 0x00000000856E0480
[2017.05.18-13.32.18:718][762]LogMaterial: Missing cached shader map for material M_UE4Man_Body2, compiling. 
[2017.05.18-13.32.18:723][762]LogTemp:Display: Added material ShaderMap 0x000000008A268480 with Material 0x000000006B8BC680 to ShaderMapsBeingCompiled
[2017.05.18-13.32.18:790][762]LogTemp:Display: Kicking off shader compilation for M_UE4Man_Body2, GameThreadShaderMap 0x000000008A268480
[2017.05.18-13.32.18:791][762]LogMaterial: 0.00 seconds spent updating 1 materials, 1 interfaces, 0 instances, 0 with static permutations.
[2017.05.18-13.32.18:880][762]LogMaterial: Missing cached shader map for material FMatExpressionPreview MaterialExpressionTextureSample_4, compiling. 
[2017.05.18-13.32.18:881][762]LogTemp:Display: Added material ShaderMap 0x0000000089A1EE80 with Material 0x0000000089A23A00 to ShaderMapsBeingCompiled
[2017.05.18-13.32.18:885][762]LogTemp:Display: Kicking off shader compilation for FMatExpressionPreview MaterialExpressionTextureSample_4, GameThreadShaderMap 0x0000000089A1EE80
[2017.05.18-13.32.18:887][762]LogMaterial: Missing cached shader map for material FMatExpressionPreview MaterialExpressionVectorParameter_3, compiling. 
[2017.05.18-13.32.18:888][762]LogTemp:Display: Added material ShaderMap 0x0000000089A1D600 with Material 0x0000000089A23100 to ShaderMapsBeingCompiled
[2017.05.18-13.32.18:891][762]LogTemp:Display: Kicking off shader compilation for FMatExpressionPreview MaterialExpressionVectorParameter_3, GameThreadShaderMap 0x0000000089A1D600
[2017.05.18-13.32.18:893][762]LogMaterial: Missing cached shader map for material FMatExpressionPreview MaterialExpressionTextureSampleParameter2D_0, compiling. 
[2017.05.18-13.32.18:893][762]LogTemp:Display: Added material ShaderMap 0x0000000089A1C100 with Material 0x0000000089A22500 to ShaderMapsBeingCompiled
[2017.05.18-13.32.18:920][762]LogTemp:Display: Kicking off shader compilation for FMatExpressionPreview MaterialExpressionTextureSampleParameter2D_0, GameThreadShaderMap 0x0000000089A1C100
[2017.05.18-13.32.18:921][762]LogMaterial: Missing cached shader map for material FMatExpressionPreview MaterialExpressionTextureSampleParameter2D_1, compiling. 
[2017.05.18-13.32.18:922][762]LogTemp:Display: Added material ShaderMap 0x00000000695ACF00 with Material 0x0000000089A21C00 to ShaderMapsBeingCompiled
[2017.05.18-13.32.18:926][762]LogTemp:Display: Kicking off shader compilation for FMatExpressionPreview MaterialExpressionTextureSampleParameter2D_1, GameThreadShaderMap 0x00000000695ACF00
[2017.05.18-13.32.18:930][762]LogTemp:Display: Finished compile of shader map 0x00000000856E0480
[2017.05.18-13.32.18:930][762]LogTemp:Display: Shader map M_UE4Man_Body2 complete, GameThreadShaderMap 0x00000000856E0480, marking material M_UE4Man_Body2 as finished
[2017.05.18-13.32.18:930][762]LogTemp:Display: Marking material as finished 0x000000006B8BC680
[2017.05.18-13.32.19:046][762]LogSlate: Took 0.071687 seconds to synchronously load lazily loaded font '../../../Engine/Content/Editor/Slate/Fonts/Roboto-BoldCondensed.ttf' (158K)
[2017.05.18-13.32.25:140][984]LogTemp:Display: Finished compile of shader map 0x0000000089A1EE80
[2017.05.18-13.32.25:140][984]LogTemp:Display: Shader map FMatExpressionPreview MaterialExpressionTextureSample_4 complete, GameThreadShaderMap 0x0000000089A1EE80, marking material FMatExpressionPreview MaterialExpressionTextureSample_4 as finished
[2017.05.18-13.32.25:140][984]LogTemp:Display: Marking material as finished 0x0000000089A23A00
[2017.05.18-13.32.25:294][988]LogTemp:Display: Finished compile of shader map 0x000000008A268480
[2017.05.18-13.32.25:294][988]LogTemp:Display: Shader map M_UE4Man_Body2 complete, GameThreadShaderMap 0x000000008A268480, marking material M_UE4Man_Body2 as finished
[2017.05.18-13.32.25:294][988]LogTemp:Display: Marking material as finished 0x000000006B8BC680
[2017.05.18-13.32.25:302][988]LogTemp:Display: Finished compile of shader map 0x0000000089A1D600
[2017.05.18-13.32.25:302][988]LogTemp:Display: Shader map FMatExpressionPreview MaterialExpressionVectorParameter_3 complete, GameThreadShaderMap 0x0000000089A1D600, marking material FMatExpressionPreview MaterialExpressionVectorParameter_3 as finished
[2017.05.18-13.32.25:302][988]LogTemp:Display: Marking material as finished 0x0000000089A23100
[2017.05.18-13.32.25:353][989]MaterialEditorStats: 정보 Base pass shader with only dynamic lighting: 97 instructions
[2017.05.18-13.32.25:353][989]MaterialEditorStats: 정보 Vertex shader: 31 instructions
[2017.05.18-13.32.25:353][989]MaterialEditorStats: 정보 Texture samplers: 4/16
[2017.05.18-13.32.25:416][991]LogTemp:Display: Finished compile of shader map 0x0000000089A1C100
[2017.05.18-13.32.25:416][991]LogTemp:Display: Shader map FMatExpressionPreview MaterialExpressionTextureSampleParameter2D_0 complete, GameThreadShaderMap 0x0000000089A1C100, marking material FMatExpressionPreview MaterialExpressionTextureSampleParameter2D_0 as finished
[2017.05.18-13.32.25:416][991]LogTemp:Display: Marking material as finished 0x0000000089A22500
[2017.05.18-13.32.25:518][995]LogTemp:Display: Finished compile of shader map 0x00000000695ACF00
[2017.05.18-13.32.25:518][995]LogTemp:Display: Shader map FMatExpressionPreview MaterialExpressionTextureSampleParameter2D_1 complete, GameThreadShaderMap 0x00000000695ACF00, marking material FMatExpressionPreview MaterialExpressionTextureSampleParameter2D_1 as finished
[2017.05.18-13.32.25:518][995]LogTemp:Display: Marking material as finished 0x0000000089A21C00
[2017.05.18-13.32.33:772][719]LogMaterial: Missing cached shader map for material M_UE4Man_Body2, compiling. 
[2017.05.18-13.32.33:774][719]LogTemp:Display: Added material ShaderMap 0x000000008ADA4F00 with Material 0x000000006B8BC680 to ShaderMapsBeingCompiled
[2017.05.18-13.32.33:821][719]LogTemp:Display: Kicking off shader compilation for M_UE4Man_Body2, GameThreadShaderMap 0x000000008ADA4F00
[2017.05.18-13.32.33:821][719]LogMaterial: 0.00 seconds spent updating 1 materials, 1 interfaces, 0 instances, 0 with static permutations.
[2017.05.18-13.32.33:873][719]LogMaterial: Missing cached shader map for material FMatExpressionPreview MaterialExpressionVectorParameter_3, compiling. 
[2017.05.18-13.32.33:874][719]LogTemp:Display: Added material ShaderMap 0x000000008FC60480 with Material 0x000000008FBFBA00 to ShaderMapsBeingCompiled
[2017.05.18-13.32.33:877][719]LogTemp:Display: Kicking off shader compilation for FMatExpressionPreview MaterialExpressionVectorParameter_3, GameThreadShaderMap 0x000000008FC60480
[2017.05.18-13.32.34:781][758]LogMaterial: Missing cached shader map for material M_UE4Man_Body2, compiling. 
[2017.05.18-13.32.34:785][758]LogTemp:Display: Added material ShaderMap 0x0000000089A1DD00 with Material 0x000000006B8BC680 to ShaderMapsBeingCompiled
[2017.05.18-13.32.34:868][758]LogTemp:Display: Kicking off shader compilation for M_UE4Man_Body2, GameThreadShaderMap 0x0000000089A1DD00
[2017.05.18-13.32.34:868][758]LogMaterial: 0.00 seconds spent updating 1 materials, 1 interfaces, 0 instances, 0 with static permutations.
[2017.05.18-13.32.34:890][758]LogTemp:Display: Removed shader map 0x000000008FC60480 from material 0x000000008FBFBA00
[2017.05.18-13.32.34:914][758]LogMaterial: Missing cached shader map for material FMatExpressionPreview MaterialExpressionVectorParameter_3, compiling. 
[2017.05.18-13.32.34:915][758]LogTemp:Display: Added material ShaderMap 0x000000008CBBE780 with Material 0x000000008CC2BA00 to ShaderMapsBeingCompiled
[2017.05.18-13.32.34:917][758]LogTemp:Display: Kicking off shader compilation for FMatExpressionPreview MaterialExpressionVectorParameter_3, GameThreadShaderMap 0x000000008CBBE780
[2017.05.18-13.32.35:109][765]LogTemp:Display: Finished compile of shader map 0x000000008ADA4F00
[2017.05.18-13.32.35:109][765]LogTemp:Display: Shader map M_UE4Man_Body2 complete, GameThreadShaderMap 0x000000008ADA4F00, marking material M_UE4Man_Body2 as finished
[2017.05.18-13.32.35:109][765]LogTemp:Display: Marking material as finished 0x000000006B8BC680
[2017.05.18-13.32.35:110][765]LogTemp:Display: Finished compile of shader map 0x000000008FC60480
[2017.05.18-13.32.41:572][ 41]LogTemp:Display: Finished compile of shader map 0x000000008CBBE780
[2017.05.18-13.32.41:572][ 41]LogTemp:Display: Shader map FMatExpressionPreview MaterialExpressionVectorParameter_3 complete, GameThreadShaderMap 0x000000008CBBE780, marking material FMatExpressionPreview MaterialExpressionVectorParameter_3 as finished
[2017.05.18-13.32.41:572][ 41]LogTemp:Display: Marking material as finished 0x000000008CC2BA00
[2017.05.18-13.32.41:647][ 43]LogTemp:Display: Finished compile of shader map 0x0000000089A1DD00
[2017.05.18-13.32.41:647][ 43]LogTemp:Display: Shader map M_UE4Man_Body2 complete, GameThreadShaderMap 0x0000000089A1DD00, marking material M_UE4Man_Body2 as finished
[2017.05.18-13.32.41:647][ 43]LogTemp:Display: Marking material as finished 0x000000006B8BC680
[2017.05.18-13.32.41:667][ 43]Cmd: OBJ SAVEPACKAGE PACKAGE="/Game/Enemy/EnemyBP" FILE="../../../../../../Users/yang/HomeExam/Home/Content/Enemy/EnemyBP.uasset" SILENT=true
[2017.05.18-13.32.41:904][ 43]LogSavePackage: Save=91.14ms
[2017.05.18-13.32.41:904][ 43]LogSavePackage: Moving '../../../../../../Users/yang/HomeExam/Home/Saved/EnemyBPAB4FF70C49FE58144FAB3DA1CA06CCAD.tmp' to '../../../../../../Users/yang/HomeExam/Home/Content/Enemy/EnemyBP.uasset'
[2017.05.18-13.32.41:913][ 43]LogSavePackage:Display: Finished SavePackage ../../../../../../Users/yang/HomeExam/Home/Content/Enemy/EnemyBP.uasset
[2017.05.18-13.32.41:921][ 43]Cmd: OBJ SAVEPACKAGE PACKAGE="/Game/Enemy/Enemy" FILE="../../../../../../Users/yang/HomeExam/Home/Content/Enemy/Enemy.uasset" SILENT=true
[2017.05.18-13.32.41:922][ 43]LogSavePackage: Save=0.69ms
[2017.05.18-13.32.41:922][ 43]LogSavePackage: Moving '../../../../../../Users/yang/HomeExam/Home/Saved/Enemy90D9B06F42AD4863A10202A5A8EE2B4C.tmp' to '../../../../../../Users/yang/HomeExam/Home/Content/Enemy/Enemy.uasset'
[2017.05.18-13.32.41:922][ 43]LogSavePackage:Display: Finished SavePackage ../../../../../../Users/yang/HomeExam/Home/Content/Enemy/Enemy.uasset
[2017.05.18-13.32.41:925][ 43]Cmd: OBJ SAVEPACKAGE PACKAGE="/Game/Enemy/M_UE4Man_Body" FILE="../../../../../../Users/yang/HomeExam/Home/Content/Enemy/M_UE4Man_Body.uasset" SILENT=true
[2017.05.18-13.32.41:926][ 43]LogSavePackage: Save=0.61ms
[2017.05.18-13.32.41:926][ 43]LogSavePackage: Moving '../../../../../../Users/yang/HomeExam/Home/Saved/M_UE4Man_Body02BCD24142829D613ED1A5BA29A00AA4.tmp' to '../../../../../../Users/yang/HomeExam/Home/Content/Enemy/M_UE4Man_Body.uasset'
[2017.05.18-13.32.41:926][ 43]LogSavePackage:Display: Finished SavePackage ../../../../../../Users/yang/HomeExam/Home/Content/Enemy/M_UE4Man_Body.uasset
[2017.05.18-13.32.41:942][ 43]MaterialEditorStats: 정보 Base pass shader with only dynamic lighting: 97 instructions
[2017.05.18-13.32.41:942][ 43]MaterialEditorStats: 정보 Vertex shader: 31 instructions
[2017.05.18-13.32.41:942][ 43]MaterialEditorStats: 정보 Texture samplers: 4/16
[2017.05.18-13.32.48:142][176]LogMaterial: Missing cached shader map for material M_UE4Man_Body2, compiling. 
[2017.05.18-13.32.48:144][176]LogTemp:Display: Added material ShaderMap 0x000000008ADA6E80 with Material 0x000000006B8BC680 to ShaderMapsBeingCompiled
[2017.05.18-13.32.48:209][176]LogTemp:Display: Kicking off shader compilation for M_UE4Man_Body2, GameThreadShaderMap 0x000000008ADA6E80
[2017.05.18-13.32.48:210][176]LogMaterial: 0.00 seconds spent updating 1 materials, 1 interfaces, 0 instances, 0 with static permutations.
[2017.05.18-13.32.48:481][176]LogMaterial: Missing cached shader map for material M_UE4Man_Body2, compiling. 
[2017.05.18-13.32.48:484][176]LogTemp:Display: Added material ShaderMap 0x00000000903CD600 with Material 0x000000006967E200 to ShaderMapsBeingCompiled
[2017.05.18-13.32.48:594][176]LogTemp:Display: Kicking off shader compilation for M_UE4Man_Body2, GameThreadShaderMap 0x00000000903CD600
[2017.05.18-13.32.48:611][176]LogMaterial: Missing cached shader map for material M_UE4Man_Body2, compiling. 
[2017.05.18-13.32.48:614][176]LogTemp:Display: Added material ShaderMap 0x000000008A6F4B80 with Material 0x000000006967E200 to ShaderMapsBeingCompiled
[2017.05.18-13.32.48:717][176]LogTemp:Display: Kicking off shader compilation for M_UE4Man_Body2, GameThreadShaderMap 0x000000008A6F4B80
[2017.05.18-13.32.48:882][176]LogMaterial: 0.10 seconds spent updating 1 materials, 1 interfaces, 0 instances, 0 with static permutations.
[2017.05.18-13.32.49:149][176]LogMaterial: Missing cached shader map for material FDebugViewModeMaterialProxy M_UE4Man_Body2, compiling. 
[2017.05.18-13.32.49:166][176]LogTemp:Display: Added material ShaderMap 0x0000000093199280 with Material 0x000000008558FA00 to ShaderMapsBeingCompiled
[2017.05.18-13.32.53:695][176]LogTemp:Display: Finished compile of shader map 0x0000000093199280
[2017.05.18-13.32.53:695][176]LogTemp:Display: Shader map FDebugViewModeMaterialProxy M_UE4Man_Body2 complete, GameThreadShaderMap 0x0000000093199280, marking material FDebugViewModeMaterialProxy M_UE4Man_Body2 as finished
[2017.05.18-13.32.53:695][176]LogTemp:Display: Marking material as finished 0x000000008558FA00
[2017.05.18-13.32.53:731][176]TextureStreamingBuild:Display: Compiling optional shaders took 4.758 seconds.
[2017.05.18-13.32.54:385][176]LogActorComponent: UnregisterComponent: (/Engine/Transient.EditorFloorComp) Not registered. Aborting.
[2017.05.18-13.32.55:776][176]LogTemp:Display: Finished compile of shader map 0x000000008ADA6E80
[2017.05.18-13.32.55:776][176]LogTemp:Display: Shader map M_UE4Man_Body2 complete, GameThreadShaderMap 0x000000008ADA6E80, marking material M_UE4Man_Body2 as finished
[2017.05.18-13.32.55:776][176]LogTemp:Display: Marking material as finished 0x000000006B8BC680
[2017.05.18-13.33.01:182][193]LogTemp:Display: Finished compile of shader map 0x000000008A6F4B80
[2017.05.18-13.33.01:182][193]LogTemp:Display: Shader map M_UE4Man_Body2 complete, GameThreadShaderMap 0x000000008A6F4B80, marking material M_UE4Man_Body2 as finished
[2017.05.18-13.33.01:182][193]LogTemp:Display: Marking material as finished 0x000000006967E200
[2017.05.18-13.33.44:167][169]BlueprintLog: New page: EnemyBP 컴파일
[2017.05.18-13.34.09:581][329]LogSlate: Took 0.014806 seconds to synchronously load lazily loaded font '../../../Engine/Content/Editor/Slate/Fonts/Roboto-BoldCondensedItalic.ttf' (160K)
[2017.05.18-13.38.32:005][547]LogFileHelpers: Editor autosave (incl. sublevels) for '/Game/level' took 0.034
[2017.05.18-13.38.32:036][547]OBJ SavePackage: Generating thumbnails for [1] asset(s) in package [/Game/Enemy/EnemyBP] ([1] browsable assets)...
[2017.05.18-13.38.32:120][547]OBJ SavePackage:     Rendered thumbnail for [Blueprint /Game/Enemy/EnemyBP.EnemyBP]
[2017.05.18-13.38.32:120][547]OBJ SavePackage: Finished generating thumbnails for package [/Game/Enemy/EnemyBP]
[2017.05.18-13.38.32:120][547]Cmd: OBJ SAVEPACKAGE PACKAGE="/Game/Enemy/EnemyBP" FILE="../../../../../../Users/yang/HomeExam/Home/Saved/Autosaves/Game/Enemy/EnemyBP_Auto1.uasset" SILENT=false AUTOSAVING=true
[2017.05.18-13.38.32:184][547]LogSavePackage: Save=38.01ms
[2017.05.18-13.38.32:184][547]LogSavePackage: Moving '../../../../../../Users/yang/HomeExam/Home/Saved/EnemyBP_Auto117B9301C49B32CA54A7ECAA164D75EB6.tmp' to '../../../../../../Users/yang/HomeExam/Home/Saved/Autosaves/Game/Enemy/EnemyBP_Auto1.uasset'
[2017.05.18-13.38.32:184][547]LogSavePackage:Display: Finished SavePackage ../../../../../../Users/yang/HomeExam/Home/Saved/Autosaves/Game/Enemy/EnemyBP_Auto1.uasset
[2017.05.18-13.38.32:185][547]OBJ SavePackage: Generating thumbnails for [1] asset(s) in package [/Game/Enemy/M_UE4Man_Body2] ([1] browsable assets)...
[2017.05.18-13.38.32:273][547]OBJ SavePackage:     Rendered thumbnail for [Material /Game/Enemy/M_UE4Man_Body2.M_UE4Man_Body2]
[2017.05.18-13.38.32:273][547]OBJ SavePackage: Finished generating thumbnails for package [/Game/Enemy/M_UE4Man_Body2]
[2017.05.18-13.38.32:274][547]Cmd: OBJ SAVEPACKAGE PACKAGE="/Game/Enemy/M_UE4Man_Body2" FILE="../../../../../../Users/yang/HomeExam/Home/Saved/Autosaves/Game/Enemy/M_UE4Man_Body2_Auto1.uasset" SILENT=false AUTOSAVING=true
[2017.05.18-13.38.32:309][547]LogSavePackage: Save=30.19ms
[2017.05.18-13.38.32:309][547]LogSavePackage: Moving '../../../../../../Users/yang/HomeExam/Home/Saved/M_UE4Man_Body2_Auto18BC058C643AB7086A82BACA5C9B1E636.tmp' to '../../../../../../Users/yang/HomeExam/Home/Saved/Autosaves/Game/Enemy/M_UE4Man_Body2_Auto1.uasset'
[2017.05.18-13.38.32:309][547]LogSavePackage:Display: Finished SavePackage ../../../../../../Users/yang/HomeExam/Home/Saved/Autosaves/Game/Enemy/M_UE4Man_Body2_Auto1.uasset
[2017.05.18-13.38.32:309][547]OBJ SavePackage: Generating thumbnails for [0] asset(s) in package [/Game/NewInterface] ([1] browsable assets)...
[2017.05.18-13.38.32:309][547]OBJ SavePackage: Finished generating thumbnails for package [/Game/NewInterface]
[2017.05.18-13.38.32:309][547]Cmd: OBJ SAVEPACKAGE PACKAGE="/Game/NewInterface" FILE="../../../../../../Users/yang/HomeExam/Home/Saved/Autosaves/Game/NewInterface_Auto1.uasset" SILENT=false AUTOSAVING=true
[2017.05.18-13.38.32:311][547]LogSavePackage: Save=1.37ms
[2017.05.18-13.38.32:311][547]LogSavePackage: Moving '../../../../../../Users/yang/HomeExam/Home/Saved/NewInterface_Auto1E1D3960F4579B7BFE014D0AEEE42CF2F.tmp' to '../../../../../../Users/yang/HomeExam/Home/Saved/Autosaves/Game/NewInterface_Auto1.uasset'
[2017.05.18-13.38.32:312][547]LogSavePackage:Display: Finished SavePackage ../../../../../../Users/yang/HomeExam/Home/Saved/Autosaves/Game/NewInterface_Auto1.uasset
[2017.05.18-13.38.32:312][547]LogFileHelpers: Auto-saving content packages took 0.306
[2017.05.18-13.38.58:148][152]LogMetaData: Removing '/Game/DemageIP.SKEL_DemageIP_C' ref from Metadata '/Game/NewInterface.PackageMetaData'
[2017.05.18-13.38.58:148][152]LogMetaData: Removing '/Game/DemageIP.DemageIP_C' ref from Metadata '/Game/NewInterface.PackageMetaData'
[2017.05.18-13.38.58:172][152]Cmd: OBJ SAVEPACKAGE PACKAGE="/Game/DemageIP" FILE="../../../../../../Users/yang/HomeExam/Home/Content/DemageIP.uasset" SILENT=true
[2017.05.18-13.38.58:175][152]LogSavePackage: Save=1.69ms
[2017.05.18-13.38.58:175][152]LogSavePackage: Moving '../../../../../../Users/yang/HomeExam/Home/Saved/DemageIP236C1BC546601B01A6168F8DA9144DD1.tmp' to '../../../../../../Users/yang/HomeExam/Home/Content/DemageIP.uasset'
[2017.05.18-13.38.58:176][152]LogSavePackage:Display: Finished SavePackage ../../../../../../Users/yang/HomeExam/Home/Content/DemageIP.uasset
[2017.05.18-13.39.07:938][516]LogMetaData: Removing '/Game/DemageIf.DemageIf_C' ref from Metadata '/Game/DemageIP.PackageMetaData'
[2017.05.18-13.39.07:938][516]LogMetaData: Removing '/Game/DemageIf.SKEL_DemageIf_C' ref from Metadata '/Game/DemageIP.PackageMetaData'
[2017.05.18-13.39.07:956][516]Cmd: OBJ SAVEPACKAGE PACKAGE="/Game/DemageIf" FILE="../../../../../../Users/yang/HomeExam/Home/Content/DemageIf.uasset" SILENT=true
[2017.05.18-13.39.07:959][516]LogSavePackage: Save=1.63ms
[2017.05.18-13.39.07:959][516]LogSavePackage: Moving '../../../../../../Users/yang/HomeExam/Home/Saved/DemageIf12F814C3488F4DFED7E735A9871D95B9.tmp' to '../../../../../../Users/yang/HomeExam/Home/Content/DemageIf.uasset'
[2017.05.18-13.39.07:960][516]LogSavePackage:Display: Finished SavePackage ../../../../../../Users/yang/HomeExam/Home/Content/DemageIf.uasset
[2017.05.18-13.39.13:838][198]Cmd: OBJ SAVEPACKAGE PACKAGE="/Game/DemageIf" FILE="../../../../../../Users/yang/HomeExam/Home/Content/DemageIf.uasset" SILENT=true
[2017.05.18-13.39.13:841][198]LogSavePackage: Save=1.19ms
[2017.05.18-13.39.13:841][198]LogSavePackage: Moving '../../../../../../Users/yang/HomeExam/Home/Saved/DemageIf469754E64C0CE9D1B6E951B4E78EEBE0.tmp' to '../../../../../../Users/yang/HomeExam/Home/Content/DemageIf.uasset'
[2017.05.18-13.39.13:842][198]LogSavePackage:Display: Finished SavePackage ../../../../../../Users/yang/HomeExam/Home/Content/DemageIf.uasset
[2017.05.18-13.39.51:756][ 34]Cmd: OBJ SAVEPACKAGE PACKAGE="/Game/Enemy/EnemyBP" FILE="../../../../../../Users/yang/HomeExam/Home/Content/Enemy/EnemyBP.uasset" SILENT=true
[2017.05.18-13.39.51:784][ 34]LogSavePackage: Save=26.11ms
[2017.05.18-13.39.51:784][ 34]LogSavePackage: Moving '../../../../../../Users/yang/HomeExam/Home/Saved/EnemyBP8FE966E44E636C737506C0A8050BAD33.tmp' to '../../../../../../Users/yang/HomeExam/Home/Content/Enemy/EnemyBP.uasset'
[2017.05.18-13.39.51:791][ 34]LogSavePackage:Display: Finished SavePackage ../../../../../../Users/yang/HomeExam/Home/Content/Enemy/EnemyBP.uasset
[2017.05.18-13.39.51:793][ 34]Cmd: OBJ SAVEPACKAGE PACKAGE="/Game/Enemy/M_UE4Man_Body2" FILE="../../../../../../Users/yang/HomeExam/Home/Content/Enemy/M_UE4Man_Body2.uasset" SILENT=true
[2017.05.18-13.39.51:799][ 34]LogSavePackage: Save=4.92ms
[2017.05.18-13.39.51:799][ 34]LogSavePackage: Moving '../../../../../../Users/yang/HomeExam/Home/Saved/M_UE4Man_Body24823BBF440C233CB2D0C7DA3A9B65965.tmp' to '../../../../../../Users/yang/HomeExam/Home/Content/Enemy/M_UE4Man_Body2.uasset'
[2017.05.18-13.39.51:800][ 34]LogSavePackage:Display: Finished SavePackage ../../../../../../Users/yang/HomeExam/Home/Content/Enemy/M_UE4Man_Body2.uasset
[2017.05.18-13.39.51:803][ 34]Cmd: OBJ SAVEPACKAGE PACKAGE="/Game/NewInterface" FILE="../../../../../../Users/yang/HomeExam/Home/Content/NewInterface.uasset" SILENT=true
[2017.05.18-13.39.51:804][ 34]LogSavePackage: Save=0.91ms
[2017.05.18-13.39.51:804][ 34]LogSavePackage: Moving '../../../../../../Users/yang/HomeExam/Home/Saved/NewInterfaceE990D78B48A5D5A3A7FB16A1A9FE01A7.tmp' to '../../../../../../Users/yang/HomeExam/Home/Content/NewInterface.uasset'
[2017.05.18-13.39.51:805][ 34]LogSavePackage:Display: Finished SavePackage ../../../../../../Users/yang/HomeExam/Home/Content/NewInterface.uasset
[2017.05.18-13.39.51:810][ 34]Cmd: OBJ SAVEPACKAGE PACKAGE="/Game/DemageIf" FILE="../../../../../../Users/yang/HomeExam/Home/Content/DemageIf.uasset" SILENT=true
[2017.05.18-13.39.51:813][ 34]LogSavePackage: Save=1.68ms
[2017.05.18-13.39.51:813][ 34]LogSavePackage: Moving '../../../../../../Users/yang/HomeExam/Home/Saved/DemageIfCCA0B27A40190829A19BC18484550A76.tmp' to '../../../../../../Users/yang/HomeExam/Home/Content/DemageIf.uasset'
[2017.05.18-13.39.51:813][ 34]LogSavePackage:Display: Finished SavePackage ../../../../../../Users/yang/HomeExam/Home/Content/DemageIf.uasset
[2017.05.18-13.41.28:444][381]LogD3D11RHI: Timed out while waiting for GPU to catch up. (0.5 s)
[2017.05.18-13.43.44:722][671]LogSlate:Warning: Prevented a slow task dialog from being summoned while a context menu was open
[2017.05.18-13.44.44:563][177]BlueprintLog: New page: HeroBP 컴파일
[2017.05.18-13.44.44:692][177]LogBlueprint:Error: [Compiler EnemyBP] 오류 Message 노드  유효하지 않은 메시지 노드  에 대해 이름이 DecreaseHP 인 함수를 찾을 수 없습니다.
[2017.05.18-13.44.44:772][177]LogBlueprint:Error: [Compiler EnemyBP] 오류 이름이 "DecreaseHP" 인 함수를 'DemageIF_C' 에서 찾을 수 없었습니다.
'DemageIF_C' 컴파일이  유효하지 않은 메시지 노드  에 대해 되었는지 확인하세요.
[2017.05.18-13.44.46:671][299]LogSlate:Warning: Prevented a slow task dialog from being summoned while a context menu was open
[2017.05.18-13.45.18:386][  5]LogStats: FPlatformStackWalk::StackWalkAndDump -  5.518 s
[2017.05.18-13.45.18:386][  5]LogOutputDevice:Error: === Handled ensure: ===
[2017.05.18-13.45.18:386][  5]LogOutputDevice:Error: 
[2017.05.18-13.45.18:386][  5]LogOutputDevice:Error: Ensure condition failed: EventSignature [File:D:\Build\++UE4+Release-4.15+Compile\Sync\Engine\Source\Editor\BlueprintGraph\Private\EdGraphSchema_K2.cpp] [Line: 5773]
[2017.05.18-13.45.18:386][  5]LogOutputDevice:Error: 
[2017.05.18-13.45.18:386][  5]LogOutputDevice:Error: Stack: 
[2017.05.18-13.45.18:386][  5]LogOutputDevice:Error: UE4Editor-Core.dll!0x00000000EA9D95E6
[2017.05.18-13.45.18:386][  5]LogOutputDevice:Error: UE4Editor-Core.dll!0x00000000EA789B82
[2017.05.18-13.45.18:386][  5]LogOutputDevice:Error: UE4Editor-Core.dll!0x00000000EA79B666
[2017.05.18-13.45.18:387][  5]LogOutputDevice:Error: UE4Editor-BlueprintGraph.dll!0x00000000E06B6400
[2017.05.18-13.45.18:387][  5]LogOutputDevice:Error: UE4Editor-UnrealEd.dll!0x00000000E39BD876
[2017.05.18-13.45.18:387][  5]LogOutputDevice:Error: UE4Editor-UnrealEd.dll!0x00000000E39BD1E8
[2017.05.18-13.45.18:396][  5]LogOutputDevice:Error: UE4Editor-KismetCompiler.dll!0x00000000E0437CD3
[2017.05.18-13.45.18:396][  5]LogOutputDevice:Error: UE4Editor-KismetCompiler.dll!0x00000000E043C2C6
[2017.05.18-13.45.18:396][  5]LogOutputDevice:Error: UE4Editor-KismetCompiler.dll!0x00000000E043B56B
[2017.05.18-13.45.18:396][  5]LogOutputDevice:Error: UE4Editor-UnrealEd.dll!0x00000000E39DB252
[2017.05.18-13.45.18:396][  5]LogOutputDevice:Error: UE4Editor-Kismet.dll!0x00000000E0CE3E9B
[2017.05.18-13.45.18:396][  5]LogOutputDevice:Error: UE4Editor-Kismet.dll!0x00000000E0CE3870
[2017.05.18-13.45.18:396][  5]LogOutputDevice:Error: UE4Editor-Kismet.dll!0x00000000E0F31E89
[2017.05.18-13.45.18:396][  5]LogOutputDevice:Error: UE4Editor-Kismet.dll!0x00000000E0EE98E7
[2017.05.18-13.45.18:396][  5]LogOutputDevice:Error: UE4Editor-GraphEditor.dll!0x00000000E17EA759
[2017.05.18-13.45.18:396][  5]LogOutputDevice:Error: UE4Editor-GraphEditor.dll!0x00000000E1883B87
[2017.05.18-13.45.18:396][  5]LogOutputDevice:Error: UE4Editor-GraphEditor.dll!0x00000000E1825ADE
[2017.05.18-13.45.18:396][  5]LogOutputDevice:Error: UE4Editor-GraphEditor.dll!0x00000000E1684B72
[2017.05.18-13.45.18:396][  5]LogOutputDevice:Error: UE4Editor-GraphEditor.dll!0x00000000E1686654
[2017.05.18-13.45.18:396][  5]LogOutputDevice:Error: UE4Editor-GraphEditor.dll!0x00000000E17AA2ED
[2017.05.18-13.45.18:396][  5]LogOutputDevice:Error: UE4Editor-Slate.dll!0x00000000E62ECF65
[2017.05.18-13.45.18:396][  5]LogOutputDevice:Error: UE4Editor-Slate.dll!0x00000000E6315AB4
[2017.05.18-13.45.18:396][  5]LogOutputDevice:Error: UE4Editor-Slate.dll!0x00000000E61431D4
[2017.05.18-13.45.18:396][  5]LogOutputDevice:Error: UE4Editor-Slate.dll!0x00000000E611376E
[2017.05.18-13.45.18:396][  5]LogOutputDevice:Error: UE4Editor-Slate.dll!0x00000000E6115366
[2017.05.18-13.45.18:396][  5]LogOutputDevice:Error: UE4Editor-Slate.dll!0x00000000E619F449
[2017.05.18-13.45.18:396][  5]LogOutputDevice:Error: UE4Editor-Slate.dll!0x00000000E618E3C8
[2017.05.18-13.45.18:396][  5]LogOutputDevice:Error: UE4Editor-Core.dll!0x00000000EA9CCB3C
[2017.05.18-13.45.18:396][  5]LogOutputDevice:Error: UE4Editor-Core.dll!0x00000000EA9B67C1
[2017.05.18-13.45.18:396][  5]LogOutputDevice:Error: UE4Editor-Core.dll!0x00000000EA9CEA1C
[2017.05.18-13.45.18:396][  5]LogOutputDevice:Error: UE4Editor-Core.dll!0x00000000EA9B26E9
[2017.05.18-13.45.18:396][  5]LogOutputDevice:Error: USER32.dll!0x0000000076DF9BBD
[2017.05.18-13.45.18:396][  5]LogOutputDevice:Error: USER32.dll!0x0000000076DF98C2
[2017.05.18-13.45.18:396][  5]LogOutputDevice:Error: UE4Editor-Core.dll!0x00000000EA9CF326
[2017.05.18-13.45.18:396][  5]LogOutputDevice:Error: UE4Editor.exe!0x000000003F86D790
[2017.05.18-13.45.18:396][  5]LogOutputDevice:Error: UE4Editor.exe!0x000000003F85EB40
[2017.05.18-13.45.18:396][  5]LogOutputDevice:Error: UE4Editor.exe!0x000000003F85EBBA
[2017.05.18-13.45.18:396][  5]LogOutputDevice:Error: UE4Editor.exe!0x000000003F870A29
[2017.05.18-13.45.18:396][  5]LogOutputDevice:Error: UE4Editor.exe!0x000000003F8722B6
[2017.05.18-13.45.18:396][  5]LogOutputDevice:Error: kernel32.dll!0x0000000076EF59CD
[2017.05.18-13.45.18:396][  5]LogOutputDevice:Error: ntdll.dll!0x000000007702A561
[2017.05.18-13.45.18:396][  5]LogOutputDevice:Error: 
[2017.05.18-13.45.18:399][  5]LogStats:                SubmitErrorReport -  0.000 s
